1584591323126	mozrunner::runner	INFO	Running command: "D:\\Web\\Firefox\\firefox.exe" "-marionette" "-foreground" "-no-remote" "-profile" "C:\\Users\\ADMINI~1\\AppData\\Local\\Temp\\rust_mozprofile.XHPIoHA8h5bY"
1584591327670	addons.webextension.screenshots@mozilla.org	WARN	Loading extension 'screenshots@mozilla.org': Reading manifest: Invalid extension permission: mozillaAddons
1584591327670	addons.webextension.screenshots@mozilla.org	WARN	Loading extension 'screenshots@mozilla.org': Reading manifest: Invalid extension permission: telemetry
1584591327671	addons.webextension.screenshots@mozilla.org	WARN	Loading extension 'screenshots@mozilla.org': Reading manifest: Invalid extension permission: resource://pdf.js/
1584591327671	addons.webextension.screenshots@mozilla.org	WARN	Loading extension 'screenshots@mozilla.org': Reading manifest: Invalid extension permission: about:reader*
JavaScript error: undefined, line 14: Error: An unexpected error occurred
JavaScript error: moz-extension://5dbc9be8-38ba-4812-9119-b28b5cb4d889/lib/picture_in_picture_overrides.js, line 15: Error: Incorrect argument types for pictureInPictureParent.setOverrides.
JavaScript error: resource:///modules/sessionstore/SessionStore.jsm, line 1325: uncaught exception: 2147746065
1584591334423	Marionette	INFO	Listening on port 57357
1584591334519	Marionette	WARN	TLS certificate errors will be ignored for this session
JavaScript warning: http://192.168.1.8:8080/WoniuBoss2.5/js/moment-with-locales.min.js, line 1: unreachable code after return statement
JavaScript warning: http://192.168.1.8:8080/WoniuBoss2.5/resource, line 2728: unreachable code after return statement
JavaScript error: resource://devtools/client/framework/toolbox.js, line 1715: TypeError: currentPanel is undefined
[Parent 11756, Gecko_IOThread] WARNING: pipe error: 109: file z:/task_1583418282/build/src/ipc/chromium/src/chrome/common/ipc_channel_win.cc, line 341
[Child 12660, Chrome_ChildThread] WARNING: pipe error: 109: file z:/task_1583418282/build/src/ipc/chromium/src/chrome/common/ipc_channel_win.cc, line 341
[Child 12660, Chrome_ChildThread] WARNING: pipe error: 10[Child 5496, Chrome_ChildThread] WARNING: pipe error: 109: file z:/task_1583418282/build/src/ipc/chromium/src/chrome/common/ipc_channel_win.cc, line 341
[Child 5496, Chrome_ChildThread] WARNING: pipe error: 109: file z:/task_1583418282/build/src/ipc/chromium/src/chrome/common/ipc_channel_win.cc, line 341
1584591720115	Marionette	INFO	Stopped listening on port 57357
3579	addons.webextension.screenshots@mozilla.org	WARN	Loading extension 'screenshots@mozilla.org': Reading manifest: Invalid extension permission: about:reader*
JavaScript error: resource:///modules/sessionstore/SessionStore.jsm, line 1325: uncaught exception: 2147746065
JavaScript error: undefined, line 14: Error: An unexpected error occurred
JavaScript error: moz-extension://e6a88568-7d5c-4d52-b766-346a473724e7/lib/picture_in_picture_overrides.js, line 15: Error: Incorrect argument types for pictureInPictureParent.setOverrides.
1584591503720	Marionette	INFO	Listening on port 57411
1584591504103	Marionette	WARN	TLS certificate errors will be ignored for this session
JavaScript warning: http://192.168.1.8:8080/WoniuBoss2.5/js/moment-with-locales.min.js, line 1: unreachable code after return statement
JavaScript warning: http://192.168.1.8:8080/WoniuBoss2.5/resource, line 2728: unreachable code after return statement
[Parent 6688, Gecko_IOThread] WARNING: pipe error: 109: file z:/task_1583418282/build/src/ipc/chromium/src/chrome/common/ipc_channel_win.cc, line 341
[Child 6048, Chrome_ChildThread] WARNING: pipe error: 109: file z:/task_1583418282/build/src/ipc/chromium/src/chrome/common/ipc_channel_win.cc, line 341
[Child 6048, Chrome_ChildThread] WARNIN[Child 12392, Chrome_ChildThread] WARNING: pipe error: 109: file z:/task_1583418282/build/src/ipc/chromium/src/chrome/common/ipc_channel_win.cc, line 341
[Child 12392, Chrome_ChildThread] WARNING: pipe error: 109: file z:/task_1583418282/build/src/ipc/[Child 12168, Chrome_ChildThread] WARNING: pipe error: 109: file z:/task_1583418282/build/src/ipc/chromium/src/chrome/common/ipc_channel_win.cc, line 341
[Child 12168, Chrome[Parent 6688, Gecko_IOThread] WARNING: pipe error: 109: file z:/task_1583418282/build/src/ipc/chromium/src/chrome/common/ipc_channel_win.cc, line 341
[Child 2216, Chrome_ChildThread] WARNING: pipe error: 109: file z:/task_1583418282/build/src/ipc/chromium/src/chrome/common/ipc_channel_win.cc, line 341
1584591718753	Marionette	INFO	Stopped listening on port 57411
eParent.setOverrides.
JavaScript error: resource:///modules/sessionstore/SessionStore.jsm, line 1325: uncaught exception: 2147746065
1584591655891	Marionette	INFO	Listening on port 57510
1584591656104	Marionette	WARN	TLS certificate errors will be ignored for this session
JavaScript warning: http://192.168.1.8:8080/WoniuBoss2.5/js/moment-with-locales.min.js, line 1: unreachable code after return statement
JavaScript warning: http://192.168.1.8:8080/WoniuBoss2.5/resource, line 2728: unreachable code after return statement
JavaScript error: resource://devtools/client/framework/toolbox.js, line 1715: TypeError: currentPanel is undefined
IPDL protocol error: Handler returned error code!

###!!! [Parent][DispatchAsyncMessage] Error: PLayerTransaction::Msg_ReleaseLayer Processing error: message was deserialized, but the handler returned false (indicating failure)

IPDL protocol error: Handler returned error code!

###!!! [Parent][DispatchAsyncMessage] Error: PLayerTransaction::Msg_ReleaseLayer Processing error: message was deserialized, but the handler returned false (indicating failure)

IPDL protocol error: Handler returned error code!

###!!! [Parent][DispatchAsyncMessage] Error: PLayerTransaction::Msg_ReleaseLayer Processing error: message was deserialized, but the handler returned false (indicating failure)

IPDL protocol error: Handler returned error code!

###!!! [Parent][DispatchAsyncMessage] Error: PLayerTransaction::Msg_ReleaseLayer Processing error: message was deserialized, but the handler returned false (indicating failure)

IPDL protocol error: Handler returned error code!

###!!! [Parent][DispatchAsyncMessage] Error: PLayerTransaction::Msg_ReleaseLayer Processing error: message was deserialized, but the handler returned false (indicating failure)

IPDL protocol error: Handler returned error code!

###!!! [Parent][DispatchAsyncMessage] Error: PLayerTransaction::Msg_ReleaseLayer Processing error: message was deserialized, but the handler returned false (indicating failure)

IPDL protocol error: Handler returned error code!

###!!! [Parent][DispatchAsyncMessage] Error: PLayerTransaction::Msg_ReleaseLayer Processing error: message was deserialized, but the handler returned false (indicating failure)

IPDL protocol error: Handler returned error code!

###!!! [Parent][DispatchAsyncMessage] Error: PLayerTransaction::Msg_ReleaseLayer Processing error: message was deserialized, but the handler returned false (indicating failure)

IPDL protocol error: Handler returned error code!

###!!! [Parent][DispatchAsyncMessage] Error: PLayerTransaction::Msg_ReleaseLayer Processing error: message was deserialized, but the handler returned false (indicating failure)

IPDL protocol error: Handler returned error code!

###!!! [Parent][DispatchAsyncMessage] Error: PLayerTransaction::Msg_ReleaseLayer Processing error: message was deserialized, but the handler returned false (indicating failure)

IPDL protocol error: Handler returned error code!

###!!! [Parent][DispatchAsyncMessage] Error: PLayerTransaction::Msg_ReleaseLayer Processing error: message was deserialized, but the handler returned false (indicating failure)

IPDL protocol error: Handler returned error code!

###!!! [Parent][DispatchAsyncMessage] Error: PLayerTransaction::Msg_ReleaseLayer Processing error: message was deserialized, but the handler returned false (indicating failure)

IPDL protocol error: Handler returned error code!

###!!! [Parent][DispatchAsyncMessage] Error: PLayerTransaction::Msg_ReleaseLayer Processing error: message was deserialized, but the handler returned false (indicating failure)

IPDL protocol error: Handler returned error code!

###!!! [Parent][DispatchAsyncMessage] Error: PLayerTransaction::Msg_ReleaseLayer Processing error: message was deserialized, but the handler returned false (indicating failure)

IPDL protocol error: Handler returned error code!

###!!! [Parent][DispatchAsyncMessage] Error: PLayerTransaction::Msg_ReleaseLayer Processing error: message was deserialized, but the handler returned false (indicating failure)

IPDL protocol error: Handler returned error code!

###!!! [Parent][DispatchAsyncMessage] Error: PLayerTransaction::Msg_ReleaseLayer Processing error: message was deserialized, but the handler returned false (indicating failure)

IPDL protocol error: Handler returned error code!

###!!! [Parent][DispatchAsyncMessage] Error: PLayerTransaction::Msg_ReleaseLayer Processing error: message was deserialized, but the handler returned false (indicating failure)

IPDL protocol error: Handler returned error code!

###!!! [Parent][DispatchAsyncMessage] Error: PLayerTransaction::Msg_ReleaseLayer Processing error: message was deserialized, but the handler returned false (indicating failure)

IPDL protocol error: Handler returned error code!

###!!! [Parent][DispatchAsyncMessage] Error: PLayerTransaction::Msg_ReleaseLayer Processing error: message was deserialized, but the handler returned false (indicating failure)

IPDL protocol error: Handler returned error code!

###!!! [Parent][DispatchAsyncMessage] Error: PLayerTransaction::Msg_ReleaseLayer Processing error: message was deserialized, but the handler returned false (indicating failure)

IPDL protocol error: Handler returned error code!

###!!! [Parent][DispatchAsyncMessage] Error: PLayerTransaction::Msg_ReleaseLayer Processing error: message was deserialized, but the handler returned false (indicating failure)

IPDL protocol error: Handler returned error code!

###!!! [Parent][DispatchAsyncMessage] Error: PLayerTransaction::Msg_ReleaseLayer Processing error: message was deserialized, but the handler returned false (indicating failure)

[Parent 5708, Gecko_IOThread] WARNING: pipe error: 109: file z:/task_1583418282/build/src/ipc/chromium/src/chrome/common/ipc_channel_win.cc, line 341
[Child 9064,[Child 8784, Chrome_ChildThread] WARNING: pipe error: 109: file z:/task_1583418282/build/src/ipc/chromium/src/chrome/common/ipc_channel_win.cc, line 341
[Parent 5708, Gecko_IOThread] WARNING: pipe error: 109: file z:/task_1583418282/build/src/ipc/chromium/src/chrome/common/ipc_channel_win.cc, line 341
[Child 12340, Chrome_ChildThread] WARNING: pipe error: 109: file z:/task_1583418282/build/src/ipc/chromium/src/chrome/common/ipc_channel_win.cc, line 341
[Child 12340, Chrome_ChildThread] WARNING: pipe error: 109: file z:/task_1583418282/build/src/ipc/chromium/src/chrome/common/ipc_channel_win.cc, line 341
1584591716023	Marionette	INFO	Stopped listening on port 57510
1584591738010	mozrunner::runner	INFO	Running command: "D:\\Web\\Firefox\\firefox.exe" "-marionette" "-foreground" "-no-remote" "-profile" "C:\\Users\\ADMINI~1\\AppData\\Local\\Temp\\rust_mozprofile.6xbCEVdwsS79"
1584591740933	addons.webextension.screenshots@mozilla.org	WARN	Loading extension 'screenshots@mozilla.org': Reading manifest: Invalid extension permission: mozillaAddons
1584591740934	addons.webextension.screenshots@mozilla.org	WARN	Loading extension 'screenshots@mozilla.org': Reading manifest: Invalid extension permission: telemetry
1584591740936	addons.webextension.screenshots@mozilla.org	WARN	Loading extension 'screenshots@mozilla.org': Reading manifest: Invalid extension permission: resource://pdf.js/
1584591740937	addons.webextension.screenshots@mozilla.org	WARN	Loading extension 'screenshots@mozilla.org': Reading manifest: Invalid extension permission: about:reader*
JavaScript error: undefined, line 14: Error: An unexpected error occurred
JavaScript error: moz-extension://7f22fd42-5872-43f1-b7e6-5e9d53b3142e/lib/picture_in_picture_overrides.js, line 15: Error: Incorrect argument types for pictureInPictureParent.setOverrides.
JavaScript error: resource:///modules/sessionstore/SessionStore.jsm, line 1325: uncaught exception: 2147746065
1584591746575	Marionette	INFO	Listening on port 57559
1584591747014	Marionette	WARN	TLS certificate errors will be ignored for this session
JavaScript warning: http://192.168.1.8:8080/WoniuBoss2.5/js/moment-with-locales.min.js, line 1: unreachable code after return statement
JavaScript warning: http://192.168.1.8:8080/WoniuBoss2.5/resource, line 2728: unreachable code after return statement
[Parent 7576, Gecko_IOThread] WARNING: pipe error: 109: file z:/task_1583418282/build/src/ipc/chromium/src/chrome/common/ipc_channel_win.cc, line 341
[Child 12188, Chrome_ChildThread] WARNING: pipe error: 109: file z:/task_1583418282/build/src/ipc/chromium/src/chrome/common/ipc_channel_win.cc, line 341
[Child 5172, Chrome_ChildThread] WARNING: pipe error: 109: file z:/task_1583418282/build/src/ipc/chromium/src/chrome/common/ipc_channel_win.cc, line 341
[Child 5172, Chrome_ChildThread] WARNING: pipe error: 109: file z:/task_1583418282/build/src/ipc/c1584591825354	Marionette	INFO	Stopped listening on port 57559
1584591834954	mozrunner::runner	INFO	Running command: "D:\\Web\\Firefox\\firefox.exe" "-marionette" "-foreground" "-no-remote" "-profile" "C:\\Users\\ADMINI~1\\AppData\\Local\\Temp\\rust_mozprofile.tQ8uVIuDcjIq"
1584591835586	addons.webextension.screenshots@mozilla.org	WARN	Loading extension 'screenshots@mozilla.org': Reading manifest: Invalid extension permission: mozillaAddons
1584591835587	addons.webextension.screenshots@mozilla.org	WARN	Loading extension 'screenshots@mozilla.org': Reading manifest: Invalid extension permission: telemetry
1584591835587	addons.webextension.screenshots@mozilla.org	WARN	Loading extension 'screenshots@mozilla.org': Reading manifest: Invalid extension permission: resource://pdf.js/
1584591835587	addons.webextension.screenshots@mozilla.org	WARN	Loading extension 'screenshots@mozilla.org': Reading manifest: Invalid extension permission: about:reader*
JavaScript error: undefined, line 14: Error: An unexpected error occurred
JavaScript error: moz-extension://cb1b0e8d-a2b0-4bf0-88b1-824b5c1f8590/lib/picture_in_picture_overrides.js, line 15: Error: Incorrect argument types for pictureInPictureParent.setOverrides.
JavaScript error: resource:///modules/sessionstore/SessionStore.jsm, line 1325: uncaught exception: 2147746065
1584591838086	Marionette	INFO	Listening on port 57615
1584591838184	Marionette	WARN	TLS certificate errors will be ignored for this session
JavaScript warning: http://192.168.1.8:8080/WoniuBoss2.5/js/moment-with-locales.min.js, line 1: unreachable code after return statement
JavaScript warning: http://192.168.1.8:8080/WoniuBoss2.5/resource, line 2728: unreachable code after return statement
[Parent 1292, Gecko_IOThread] WARNING: pipe error: 109: file z:/task_1583418282/build/src/ipc/chromium/src/chrome/common/ipc_channel_win.cc, line 341
[Child 1192, Chrome_ChildThread] WARNING: pipe error: 109: file z:/task_1583418282/build/src/ipc/chromium/src/chrome/common/ipc_channel_win.cc, line 341
[Child 1192, Chrome_ChildThread] WARNING: pipe error: 109: file z:/task_1583418282/build/src/ipc/chromium/src/chrome/common/ipc_channel_win.cc, line 341
1584591921356	Marionette	INFO	Stopped listening on port 57615
1584591930759	mozrunner::runner	INFO	Running command: "D:\\Web\\Firefox\\firefox.exe" "-marionette" "-foreground" "-no-remote" "-profile" "C:\\Users\\ADMINI~1\\AppData\\Local\\Temp\\rust_mozprofile.iB1S5j5MJ6QF"
1584591931428	addons.webextension.screenshots@mozilla.org	WARN	Loading extension 'screenshots@mozilla.org': Reading manifest: Invalid extension permission: mozillaAddons
1584591931428	addons.webextension.screenshots@mozilla.org	WARN	Loading extension 'screenshots@mozilla.org': Reading manifest: Invalid extension permission: telemetry
1584591931429	addons.webextension.screenshots@mozilla.org	WARN	Loading extension 'screenshots@mozilla.org': Reading manifest: Invalid extension permission: resource://pdf.js/
1584591931429	addons.webextension.screenshots@mozilla.org	WARN	Loading extension 'screenshots@mozilla.org': Reading manifest: Invalid extension permission: about:reader*
JavaScript error: undefined, line 14: Error: An unexpected error occurred
JavaScript error: moz-extension://0904ec22-e03c-4fc8-aa5c-e8859f5781a0/lib/picture_in_picture_overrides.js, line 15: Error: Incorrect argument types for pictureInPictureParent.setOverrides.
JavaScript error: resource:///modules/sessionstore/SessionStore.jsm, line 1325: uncaught exception: 2147746065
1584591933872	Marionette	INFO	Listening on port 57661
1584591934021	Marionette	WARN	TLS certificate errors will be ignored for this session
JavaScript warning: http://192.168.1.8:8080/WoniuBoss2.5/js/moment-with-locales.min.js, line 1: unreachable code after return statement
JavaScript warning: http://192.168.1.8:8080/WoniuBoss2.5/resource, line 2728: unreachable code after return statement
[Parent 12724, Gecko_IOThread] WARNING: pipe error: 109: file z:/task_1583418282/build/src/ipc/chromium/src/chrome/common/ipc_channel_win.cc, line 341
[Child 8576, Chrome_ChildThread] WARNING: pipe error: 109: file z:/task_1583418282/build/src/ipc/chromium/src/chrome/common/ipc_channel_win.cc, line 341
[Child 8576, Chrome_ChildThread] WARNING: pipe error: 109: file z:/task_1583418282/build/src/ipc/chromium/src/chrome/common/ipc_channel_win.cc, line 341
[Child 4452, Chrome_ChildThread] WARNING: pipe error: 109: file z:/task_1583418282/build/src/ipc/chromium/src/chrome/common/ipc_channel_win.cc, line 341
[Child 4452, Chrome_ChildThread] WARNING: pipe error: [Child 7756, Chrome_ChildThread] WARNING: pipe error: 109: file z:/task_1583418282/build/src/ipc/chromium/src/chrome/common/ipc_channel_win.cc, line 341
[Child 7756, Chrom1584592230633	Marionette	INFO	Stopped listening on port 57661
ript error: undefined, line 14: Error: An unexpected error occurred
JavaScript error: moz-extension://7a611a8f-3a98-4cd4-9e02-e837a61719c3/lib/picture_in_picture_overrides.js, line 15: Error: Incorrect argument types for pictureInPictureParent.setOverrides.
JavaScript error: resource:///modules/sessionstore/SessionStore.jsm, line 1325: uncaught exception: 2147746065
1584591972277	Marionette	INFO	Listening on port 57704
1584591972529	Marionette	WARN	TLS certificate errors will be ignored for this session
JavaScript warning: http://192.168.1.8:8080/WoniuBoss2.5/js/moment-with-locales.min.js, line 1: unreachable code after return statement
JavaScript warning: http://192.168.1.8:8080/WoniuBoss2.5/resource, line 2728: unreachable code after return statement
[Parent 12048, Gecko_IOThread] WARNING: pipe error: 109: file z:/task_1583418282/build/src/ipc/chromium/src/chrome/common/ipc_channel_win.cc, line 341
[Parent 12048, Gecko_IOThread] WARNING: pipe error: 109: file z:/task_1583418282/build/src/ipc/chromium/src/chrome/common/ipc_channel_win.cc, line 341
[Child 10980, Chrome_ChildThread] WARNING: pipe error: 109: file z:/task_1583418282/build/src/ipc/chromium/src/chrome/common/ipc_channel_win.cc, line 341
[Child 10980, Chrome_ChildThread] WARNING: pipe error: 109: fi[Child 7216, Chrome_ChildThread] WARNING: pipe error: 109: file z:/task_1583418282/build/src/ipc/chromium/src/chrome/common/ipc_channel_win.cc, line 341
[Child 7216, Chrome_ChildThread] WARNING: pipe error: 109: file z:/task_1583418282/build/src/ipc/chromium/src/chrome/common/i1584592062166	Marionette	INFO	Stopped listening on port 57704
1584592134627	mozrunner::runner	INFO	Running command: "D:\\Web\\Firefox\\firefox.exe" "-marionette" "-foreground" "-no-remote" "-profile" "C:\\Users\\ADMINI~1\\AppData\\Local\\Temp\\rust_mozprofile.RSl0Pbj5XuIw"
1584592135748	addons.webextension.screenshots@mozilla.org	WARN	Loading extension 'screenshots@mozilla.org': Reading manifest: Invalid extension permission: mozillaAddons
1584592135748	addons.webextension.screenshots@mozilla.org	WARN	Loading extension 'screenshots@mozilla.org': Reading manifest: Invalid extension permission: telemetry
1584592135749	addons.webextension.screenshots@mozilla.org	WARN	Loading extension 'screenshots@mozilla.org': Reading manifest: Invalid extension permission: resource://pdf.js/
1584592135749	addons.webextension.screenshots@mozilla.org	WARN	Loading extension 'screenshots@mozilla.org': Reading manifest: Invalid extension permission: about:reader*
JavaScript error: undefined, line 14: Error: An unexpected error occurred
JavaScript error: moz-extension://08afb50b-4b68-4f0c-a500-439c5a38560d/lib/picture_in_picture_overrides.js, line 15: Error: Incorrect argument types for pictureInPictureParent.setOverrides.
JavaScript error: resource:///modules/sessionstore/SessionStore.jsm, line 1325: uncaught exception: 2147746065
1584592138283	Marionette	INFO	Listening on port 57745
1584592138454	Marionette	WARN	TLS certificate errors will be ignored for this session
JavaScript warning: http://192.168.1.8:8080/WoniuBoss2.5/js/moment-with-locales.min.js, line 1: unreachable code after return statement
JavaScript warning: http://192.168.1.8:8080/WoniuBoss2.5/resource, line 2728: unreachable code after return statement
[Parent 11664, Gecko_IOThread] WARNING: pipe error: 109: file z:/task_1583418282/build/src/ipc/chromium/src/chrome/common/ipc_channel_win.cc, line 341
[Parent 11664, Gecko_IOThread] WARNING: pipe error: 109: file z:/task_1583418282/build/src/ipc/chromium/src/chrome/common/ipc_channel_win.cc, line 341
[Child 13228, Chrome_ChildThread] WARNING: pipe error: 109: file z:/task_1583418282/build/src/ipc/chromium/src/chrome/common/ipc_channel_win.cc, line 341
[Child 11116, Chrome_ChildThread] WARNING: pipe error: 109: file z:/task_1583418282/build/src/ipc/chromium/src/chrome/common/ipc_channel_win.cc, line 341
[Child 11116, Chrome_ChildThread] WARNING: pipe error: 109: file z:/task_1583418282/build/src/ipc/chromium/src/chrome/common/ipc_channel_win.cc, line 341
[Child 13096, Chrome_ChildThread] WARNING: pipe error: 109: file z:/task_1583418282/build/src/ipc/chromium/src/chrome/common/ipc_channel_win.cc, line 341
[Child 13096, Chrome_ChildThread] WARNING:1584592229468	Marionette	INFO	Stopped listening on port 57745
-6d8963ab20a4/lib/picture_in_picture_overrides.js, line 15: Error: Incorrect argument types for pictureInPictureParent.setOverrides.
JavaScript error: resource:///modules/sessionstore/SessionStore.jsm, line 1325: uncaught exception: 2147746065
1584592188478	Marionette	INFO	Listening on port 57789
1584592188566	Marionette	WARN	TLS certificate errors will be ignored for this session
1584592191094	Marionette	WARN	TimedPromise timed out after 500 ms: stacktrace:
bail@chrome://marionette/content/sync.js:237:64
JavaScript warning: http://192.168.1.8:8080/WoniuBoss2.5/js/moment-with-locales.min.js, line 1: unreachable code after return statement
JavaScript warning: http://192.168.1.8:8080/WoniuBoss2.5/resource, line 2728: unreachable code after return statement
[Child 12404, Chrome_ChildThread] WARNING: pipe error: 109: file z:/task_1583418282/build/src/ipc/chromium/src/chrome/common/ipc_channel_win.cc, line 341
[Child 12404, Chrome_ChildThread] WARNING: pipe error: 109: file z:/task_1583418282/build/src/ipc/chromium/src/chrome/common/ipc_channel_win.cc, line 341
[Child 9084, Chrome_ChildThread] WARNING: pipe error: 109: file z:/task_1583418282/build/src/ipc/chromium/src/chrome/common/ipc_channel_win.cc, line 341
[Child 9084, Chrome_ChildThread] WARNING: pi1584592228701	Marionette	INFO	Stopped listening on port 57789
1584592235416	mozrunner::runner	INFO	Running command: "D:\\Web\\Firefox\\firefox.exe" "-marionette" "-foreground" "-no-remote" "-profile" "C:\\Users\\ADMINI~1\\AppData\\Local\\Temp\\rust_mozprofile.lFS5J9w6PrEh"
1584592236690	addons.webextension.screenshots@mozilla.org	WARN	Loading extension 'screenshots@mozilla.org': Reading manifest: Invalid extension permission: mozillaAddons
1584592236691	addons.webextension.screenshots@mozilla.org	WARN	Loading extension 'screenshots@mozilla.org': Reading manifest: Invalid extension permission: telemetry
1584592236691	addons.webextension.screenshots@mozilla.org	WARN	Loading extension 'screenshots@mozilla.org': Reading manifest: Invalid extension permission: resource://pdf.js/
1584592236691	addons.webextension.screenshots@mozilla.org	WARN	Loading extension 'screenshots@mozilla.org': Reading manifest: Invalid extension permission: about:reader*
JavaScript error: undefined, line 14: Error: An unexpected error occurred
JavaScript error: moz-extension://23737846-71dc-4996-b3eb-d2f8067ec029/lib/picture_in_picture_overrides.js, line 15: Error: Incorrect argument types for pictureInPictureParent.setOverrides.
JavaScript error: resource:///modules/sessionstore/SessionStore.jsm, line 1325: uncaught exception: 2147746065
1584592239158	Marionette	INFO	Listening on port 57833
1584592239253	Marionette	WARN	TLS certificate errors will be ignored for this session
JavaScript warning: http://192.168.1.8:8080/WoniuBoss2.5/js/moment-with-locales.min.js, line 1: unreachable code after return statement
JavaScript warning: http://192.168.1.8:8080/WoniuBoss2.5/resource, line 2728: unreachable code after return statement
JavaScript warning: http://192.168.1.8:8080/WoniuBoss2.5/js/moment-with-locales.min.js, line 1: unreachable code after return statement
JavaScript warning: http://192.168.1.8:8080/WoniuBoss2.5/resource, line 2728: unreachable code after return statement
JavaScript warning: http://192.168.1.8:8080/WoniuBoss2.5/js/moment-with-locales.min.js, line 1: unreachable code after return statement
JavaScript warning: http://192.168.1.8:8080/WoniuBoss2.5/resource, line 2728: unreachable code after return statement
JavaScript warning: http://192.168.1.8:8080/WoniuBoss2.5/js/moment-with-locales.min.js, line 1: unreachable code after return statement
JavaScript warning: http://192.168.1.8:8080/WoniuBoss2.5/resource, line 2728: unreachable code after return statement
[Parent 12472, Gecko_IOThread] WARNING: pipe error: 109: file z:/task_1583418282/build/src/ipc/chromium/src/chrome/common/ipc_channel_win.cc, line 341
[Child 7892, Chrome_ChildThread] WARNING: pipe error: 109: file z:/task_1583418282/build/src/ipc/chromium/src/chrome/common/ipc_channel_win.cc, line 341
IPDL protocol error: Handler returned error code!

###!!! [Parent][DispatchAsyncMessage] Error: PLayerTransaction::Msg_ReleaseLayer Processing error: message was deserialized, but the handler returned false (indicating failure)

IPDL protocol error: Handler returned error code!

###!!! [Parent][DispatchAsyncMessage] Error: PLayerTransaction::Msg_ReleaseLayer Processing error: message was deserialized, but the handler returned false (indicating failure)

IPDL protocol error: Handler returned error code!

###!!! [Parent][DispatchAsyncMessage] Error: PLayerTransaction::Msg_ReleaseLayer Processing error: message was deserialized, but the handler returned false (indicating failure)

IPDL protocol error: Handler returned error code!

###!!! [Parent][DispatchAsyncMessage] Error: PLayerTransaction::Msg_ReleaseLayer Processing error: message was deserialized, but the handler returned false (indicating failure)

IPDL protocol error: Handler returned error code!

###!!! [Parent][DispatchAsyncMessage] Error: PLayerTransaction::Msg_ReleaseLayer Processing error: message was deserialized, but the handler returned false (indicating failure)

IPDL protocol error: Handler returned error code!

###!!! [Parent][DispatchAsyncMessage] Error: PLayerTransaction::Msg_ReleaseLayer Processing error: message was deserialized, but the handler returned false (indicating failure)

IPDL protocol error: Handler returned error code!

###!!! [Parent][DispatchAsyncMessage] Error: PLayerTransaction::Msg_ReleaseLayer Processing error: message was deserialized, but the handler returned false (indicating failure)

IPDL protocol error: Handler returned error code!

###!!! [Parent][DispatchAsyncMessage] Error: PLayerTransaction::Msg_ReleaseLayer Processing error: message was deserialized, but the handler returned false (indicating failure)

IPDL protocol error: Handler returned error code!

###!!! [Parent][DispatchAsyncMessage] Error: PLayerTransaction::Msg_ReleaseLayer Processing error: message was deserialized, but the handler returned false (indicating failure)

IPDL protocol error: Handler returned error code!

###!!! [Parent][DispatchAsyncMessage] Error: PLayerTransaction::Msg_ReleaseLayer Processing error: message was deserialized, but the handler returned false (indicating failure)

IPDL protocol error: Handler returned error code!

###!!! [Parent][DispatchAsyncMessage] Error: PLayerTransaction::Msg_ReleaseLayer Processing error: message was deserialized, but the handler returned false (indicating failure)

IPDL protocol error: Handler returned error code!

###!!! [Parent][DispatchAsyncMessage] Error: PLayerTransaction::Msg_ReleaseLayer Processing error: message was deserialized, but the handler returned false (indicating failure)

IPDL protocol error: Handler returned error code!

###!!! [Parent][DispatchAsyncMessage] Error: PLayerTransaction::Msg_ReleaseLayer Processing error: message was deserialized, but the handler returned false (indicating failure)

IPDL protocol error: Handler returned error code!

###!!! [Parent][DispatchAsyncMessage] Error: PLayerTransaction::Msg_ReleaseLayer Processing error: message was deserialized, but the handler returned false (indicating failure)

IPDL protocol error: Handler returned error code!

###!!! [Parent][DispatchAsyncMessage] Error: PLayerTransaction::Msg_ReleaseLayer Processing error: message was deserialized, but the handler returned false (indicating failure)

IPDL protocol error: Handler returned error code!

###!!! [Parent][DispatchAsyncMessage] Error: PLayerTransaction::Msg_ReleaseLayer Processing error: message was deserialized, but the handler returned false (indicating failure)

IPDL protocol error: Handler returned error code!

###!!! [Parent][DispatchAsyncMessage] Error: PLayerTransaction::Msg_ReleaseLayer Processing error: message was deserialized, but the handler returned false (indicating failure)

IPDL protocol error: Handler returned error code!

###!!! [Parent][DispatchAsyncMessage] Error: PLayerTransaction::Msg_ReleaseLayer Processing error: message was deserialized, but the handler returned false (indicating failure)

[Child 8700, Chrome_ChildThread] WARNING: pipe error: 109: file z:/task_1583418282/build/src/ipc/chromium/src/chrome/common/ipc_channel_win.cc, line 341
[Child 8700, Chrome_ChildThread] WARNING: pi[Parent 12472, Gecko_IOThread] WARNING: pipe error: 109: file z:/task_1583418282/build/src/ipc/chromium/src/chrome/common/ipc_channel_win.cc, line 341
[Child 12020, Chrome_ChildThread] WARNING: pipe error: 109: file z:/task_1583418282/build/src/ipc/chromium/src/chrome/common/ipc_channel_win.cc, line 341
[Child 4928, Chrome_ChildThread] WARNING: pipe error: 109: file z:/task_1583418282/build/src/ipc/chromium/src/chrome/common/ipc_channel_win.cc, line 341
[Child 4928, Chrome_ChildThread] WARNING: pipe error: 109: file z:/task_1583418282/build/src/ipc/chromium/src/chrome/common/ipc_channel_win.cc, line 341
1584597839282	Marionette	INFO	Stopped listening on port 57833
1584610833671	mozrunner::runner	INFO	Running command: "D:\\Web\\Firefox\\firefox.exe" "-marionette" "-foreground" "-no-remote" "-profile" "C:\\Users\\ADMINI~1\\AppData\\Local\\Temp\\rust_mozprofile.Oa5VfrXnmbpg"
1584610834906	addons.webextension.screenshots@mozilla.org	WARN	Loading extension 'screenshots@mozilla.org': Reading manifest: Invalid extension permission: mozillaAddons
1584610834906	addons.webextension.screenshots@mozilla.org	WARN	Loading extension 'screenshots@mozilla.org': Reading manifest: Invalid extension permission: telemetry
1584610834906	addons.webextension.screenshots@mozilla.org	WARN	Loading extension 'screenshots@mozilla.org': Reading manifest: Invalid extension permission: resource://pdf.js/
1584610834906	addons.webextension.screenshots@mozilla.org	WARN	Loading extension 'screenshots@mozilla.org': Reading manifest: Invalid extension permission: about:reader*
JavaScript error: undefined, line 14: Error: An unexpected error occurred
JavaScript error: moz-extension://547f43f2-0d64-4c2e-acad-40922d8f932e/lib/picture_in_picture_overrides.js, line 15: Error: Incorrect argument types for pictureInPictureParent.setOverrides.
JavaScript error: resource:///modules/sessionstore/SessionStore.jsm, line 1325: uncaught exception: 2147746065
1584610838741	Marionette	INFO	Listening on port 60036
1584610839097	Marionette	WARN	TLS certificate errors will be ignored for this session
1584610840828	Marionette	WARN	TimedPromise timed out after 500 ms: stacktrace:
bail@chrome://marionette/content/sync.js:237:64
JavaScript warning: http://192.168.1.8:8080/WoniuBoss2.5/js/moment-with-locales.min.js, line 1: unreachable code after return statement
JavaScript warning: http://192.168.1.8:8080/WoniuBoss2.5/resource, line 2728: unreachable code after return statement
1584610846311	Marionette	INFO	Stopped listening on port 60036
[Parent 12372, Gecko_IOThread] WARNING: pipe error: 109: file z:/task_1583418282/build/src/ipc/chromium/src/chrome/common/ipc_channel_win.cc, line 341
[Child 2360, Chrome_ChildThread] WARNING: pipe error: 109: file z:/task_1583418282/build/src/ipc/chromium/src/chrome/common/ipc_channel_win.cc, line 341
[Child 2360, Chrome_ChildThread] WARNING: pipe erro[Child 13212, Chrome_ChildThread] WARNING: pipe error: 109: file z:/task_1583418282/build/src/ipc/chromium/src/chrome/common/ipc_channel_win.cc, line 341
[Child 13212, Chrome_ChildThread] WARNING: pipe error: 109: file z:/task_1583418282/bu1584610987080	mozrunner::runner	INFO	Running command: "D:\\Web\\Firefox\\firefox.exe" "-marionette" "-foreground" "-no-remote" "-profile" "C:\\Users\\ADMINI~1\\AppData\\Local\\Temp\\rust_mozprofile.FwdHSyDqWYrD"
1584610988176	addons.webextension.screenshots@mozilla.org	WARN	Loading extension 'screenshots@mozilla.org': Reading manifest: Invalid extension permission: mozillaAddons
1584610988177	addons.webextension.screenshots@mozilla.org	WARN	Loading extension 'screenshots@mozilla.org': Reading manifest: Invalid extension permission: telemetry
1584610988177	addons.webextension.screenshots@mozilla.org	WARN	Loading extension 'screenshots@mozilla.org': Reading manifest: Invalid extension permission: resource://pdf.js/
1584610988177	addons.webextension.screenshots@mozilla.org	WARN	Loading extension 'screenshots@mozilla.org': Reading manifest: Invalid extension permission: about:reader*
JavaScript error: undefined, line 14: Error: An unexpected error occurred
JavaScript error: moz-extension://91be11c5-5372-4970-9af2-57d1cbaafea1/lib/picture_in_picture_overrides.js, line 15: Error: Incorrect argument types for pictureInPictureParent.setOverrides.
JavaScript error: resource:///modules/sessionstore/SessionStore.jsm, line 1325: uncaught exception: 2147746065
1584610991966	Marionette	INFO	Listening on port 60183
1584610992324	Marionette	WARN	TLS certificate errors will be ignored for this session
JavaScript warning: http://192.168.1.8:8080/WoniuBoss2.5/js/moment-with-locales.min.js, line 1: unreachable code after return statement
JavaScript warning: http://192.168.1.8:8080/WoniuBoss2.5/resource, line 2728: unreachable code after return statement
1584610999440	Marionette	INFO	Stopped listening on port 60183
[Parent 5364, Gecko_IOThread] WARNING: pipe error: 109: file z:/task_1583418282/build/src/ipc/chromium/src/chrome/common/ipc_channel_win.cc, line 341
[Parent 5364, Gecko_IOThread] WARNING: pipe error: 109: file z:/task_1583418282/build/src/ipc/chromium/src/chrome/common/ipc_channel_win.cc, line 341
[Child 8956, Chrome_ChildThread] WARNING: pipe error: 109: file z:/task_1583418282/build/src/ipc/chromium/src/chrome/common/ipc_channel_win.cc, line 341
[Child 8956, Chrome_ChildThread] WARNING: pipe error: 109: file z:/task_1583418282/build/src/ipc/chromium/src/chrome/common/ipc_channel_win.[Child 7008, Chrome_ChildThread] WARNING: pipe error: 109: file z:/task_1583418282/build/src/ipc/chromium/src/chrome/common/ipc_channel_win.cc, line 341
[Child 7008, Chrome_ChildThread] WARNING: pipe error: 109: file z:/task_1583418282/build/src/ipc/chromium/src/chrome/common/ipc_channel_win.cc, line 341
1584611024082	mozrunner::runner	INFO	Running command: "D:\\Web\\Firefox\\firefox.exe" "-marionette" "-foreground" "-no-remote" "-profile" "C:\\Users\\ADMINI~1\\AppData\\Local\\Temp\\rust_mozprofile.5RtdeFa7v0ka"
1584611025278	addons.webextension.screenshots@mozilla.org	WARN	Loading extension 'screenshots@mozilla.org': Reading manifest: Invalid extension permission: mozillaAddons
1584611025278	addons.webextension.screenshots@mozilla.org	WARN	Loading extension 'screenshots@mozilla.org': Reading manifest: Invalid extension permission: telemetry
1584611025279	addons.webextension.screenshots@mozilla.org	WARN	Loading extension 'screenshots@mozilla.org': Reading manifest: Invalid extension permission: resource://pdf.js/
1584611025279	addons.webextension.screenshots@mozilla.org	WARN	Loading extension 'screenshots@mozilla.org': Reading manifest: Invalid extension permission: about:reader*
JavaScript error: undefined, line 14: Error: An unexpected error occurred
JavaScript error: moz-extension://213c6efa-db1f-42ea-8093-76cd0acffcfa/lib/picture_in_picture_overrides.js, line 15: Error: Incorrect argument types for pictureInPictureParent.setOverrides.
JavaScript error: resource:///modules/sessionstore/SessionStore.jsm, line 1325: uncaught exception: 2147746065
1584611027698	Marionette	INFO	Listening on port 60246
1584611027908	Marionette	WARN	TLS certificate errors will be ignored for this session
JavaScript warning: http://192.168.1.8:8080/WoniuBoss2.5/js/moment-with-locales.min.js, line 1: unreachable code after return statement
JavaScript warning: http://192.168.1.8:8080/WoniuBoss2.5/resource, line 2728: unreachable code after return statement
JavaScript warning: https://home.firefoxchina.cn/2019/js/mozMainScript-min.js?v=20191129, line 1: unreachable code after return statement
JavaScript warning: https://home.firefoxchina.cn/2019/js/mozMainScript-min.js?v=20191129, line 1: unreachable code after return statement
[Parent 11300, Gecko_IOThread] WARNING: pipe error: 109: file z:/task_1583418282/build/src/ipc/chromium/src/chrome/common/ipc_channel_win.cc, line 341
[Child 3164, Chrome_ChildThread] WARNING: pipe error: 109: file z:/task_1583418282/build/src/ipc/chromium/src/chrome/common/ipc_channel_win.cc, line 341
[Child 3164, Chrome_Chil[Child 5484, Chrome_ChildThread] WARNING: pipe error: 109: file z:/task_1583418282/build/src/ipc/chromium/src/chrome/common/ipc_channel_win.cc, line 341
[Child 5484, Chrome_ChildThread] WARNING: pipe error: 109: file z:/task_15834181584664794851	Marionette	INFO	Stopped listening on port 60246
sion 'screenshots@mozilla.org': Reading manifest: Invalid extension permission: resource://pdf.js/
1584611810406	addons.webextension.screenshots@mozilla.org	WARN	Loading extension 'screenshots@mozilla.org': Reading manifest: Invalid extension permission: about:reader*
JavaScript error: undefined, line 14: Error: An unexpected error occurred
JavaScript error: moz-extension://af07a870-e147-470a-ac11-bccb6e5e31f9/lib/picture_in_picture_overrides.js, line 15: Error: Incorrect argument types for pictureInPictureParent.setOverrides.
JavaScript error: resource:///modules/sessionstore/SessionStore.jsm, line 1325: uncaught exception: 2147746065
1584611817981	Marionette	INFO	Listening on port 60713
1584611818454	Marionette	WARN	TLS certificate errors will be ignored for this session
JavaScript warning: http://192.168.1.8:8080/WoniuBoss2.5/js/moment-with-locales.min.js, line 1: unreachable code after return statement
JavaScript warning: http://192.168.1.8:8080/WoniuBoss2.5/resource, line 2728: unreachable code after return statement
[Parent 14276, Gecko_IOThread] WARNING: pipe error: 109: file z:/task_1583418282/build/src/ipc/chromium/src/chrome/common/ipc_channel_win.cc, line 341
[Child 14068, Chrome_ChildThread] WARNING: pipe error: 109: file z:/task_1583418282/build/src/ipc/chromium/src/chrome/common/ipc_channel_win.cc, line 341
[Child 14068, Chrome_ChildThread] WARNIN[Child 4484, Chrome_ChildThread] WARNING: pipe error: 109: file z:/task_1583418282/build/src/ipc/chromium/src/chrome/common/ipc_channel_win.cc, line 341
[Child 4484, Chrome_Child1584664786417	Marionette	INFO	Stopped listening on port 60713
