1584520243656	mozrunner::runner	INFO	Running command: "D:\\Web\\Firefox\\firefox.exe" "-marionette" "-foreground" "-no-remote" "-profile" "C:\\Users\\ADMINI~1\\AppData\\Local\\Temp\\rust_mozprofile.6vsQlEFysyx4"
1584520244833	addons.webextension.screenshots@mozilla.org	WARN	Loading extension 'screenshots@mozilla.org': Reading manifest: Invalid extension permission: mozillaAddons
1584520244834	addons.webextension.screenshots@mozilla.org	WARN	Loading extension 'screenshots@mozilla.org': Reading manifest: Invalid extension permission: telemetry
1584520244834	addons.webextension.screenshots@mozilla.org	WARN	Loading extension 'screenshots@mozilla.org': Reading manifest: Invalid extension permission: resource://pdf.js/
1584520244834	addons.webextension.screenshots@mozilla.org	WARN	Loading extension 'screenshots@mozilla.org': Reading manifest: Invalid extension permission: about:reader*
JavaScript error: undefined, line 14: Error: An unexpected error occurred
JavaScript error: moz-extension://40269d2f-4673-4064-a3e8-e9f94bf394a4/lib/picture_in_picture_overrides.js, line 15: Error: Incorrect argument types for pictureInPictureParent.setOverrides.
JavaScript error: resource:///modules/sessionstore/SessionStore.jsm, line 1325: uncaught exception: 2147746065
1584520247443	Marionette	INFO	Listening on port 52072
1584520247502	Marionette	WARN	TLS certificate errors will be ignored for this session
[Child 6740, Chrome_ChildThread] WARNING: pipe error: 109: file z:/task_1583418282/build/src/ipc/chromium/src/chrome/common/ipc_channel_win.cc, line 341
[Child 6740, Chrome_ChildThread] WARNING: pipe error: 109: file z:/task_1583418282/bui[Child 9456, Chrome_ChildThread] WARNING: pipe error: 109: file z:/task_1583418282/build/src/ipc/chromium/src/chrome/common/ipc_channel_win.cc, line 341
[Child 9456, Chrome_ChildThread] WARNING: pipe error: 109: file z:/task_1583418282/build/src/ipc/chromium/src/chrome/common/ipc_channel_win.cc, line 341
[Parent 9640, Gecko_IOThread] WARNING: pipe error: 109: file z:/task_1583418282/build/src/ipc/chromium/src/chrome/common/ipc_channel_win.cc, line 341
[1584520252698	Marionette	INFO	Stopped listening on port 52072
1584520334238	mozrunner::runner	INFO	Running command: "D:\\Web\\Firefox\\firefox.exe" "-marionette" "-foreground" "-no-remote" "-profile" "C:\\Users\\ADMINI~1\\AppData\\Local\\Temp\\rust_mozprofile.FxS4IGjrLckU"
1584520335832	addons.webextension.screenshots@mozilla.org	WARN	Loading extension 'screenshots@mozilla.org': Reading manifest: Invalid extension permission: mozillaAddons
1584520335832	addons.webextension.screenshots@mozilla.org	WARN	Loading extension 'screenshots@mozilla.org': Reading manifest: Invalid extension permission: telemetry
1584520335832	addons.webextension.screenshots@mozilla.org	WARN	Loading extension 'screenshots@mozilla.org': Reading manifest: Invalid extension permission: resource://pdf.js/
1584520335832	addons.webextension.screenshots@mozilla.org	WARN	Loading extension 'screenshots@mozilla.org': Reading manifest: Invalid extension permission: about:reader*
JavaScript error: undefined, line 14: Error: An unexpected error occurred
JavaScript error: moz-extension://51c245c2-cad4-4f27-97f6-de77c266b2eb/lib/picture_in_picture_overrides.js, line 15: Error: Incorrect argument types for pictureInPictureParent.setOverrides.
JavaScript error: resource:///modules/sessionstore/SessionStore.jsm, line 1325: uncaught exception: 2147746065
1584520339866	Marionette	INFO	Listening on port 52140
1584520340275	Marionette	WARN	TLS certificate errors will be ignored for this session
JavaScript warning: http://xiaomi:8080/WoniuBoss2.5/js/moment-with-locales.min.js, line 1: unreachable code after return statement
JavaScript warning: http://xiaomi:8080/WoniuBoss2.5/resource, line 2728: unreachable code after return statement
JavaScript error: resource://devtools/client/framework/toolbox.js, line 1715: TypeError: currentPanel is undefined
[Child 6236, Chrome_ChildThread] WARNING: pipe error: 109: file z:/task_1583418282/build/src/ipc/chromium/src/chrome/common/ipc_channel_win.cc, line 341
[Child 6236, Chrome_ChildThread] WARNING: pipe error: 109: file z:/task_1583418282/build/src/ipc/chromium/src/chrome/common/ipc_channel_win.cc, line 341
[Parent 6572, Gecko_IOThread] WARNING: pipe error: 109: file z:/task_1583418282/build/src/ipc/chromium/src/chrome/common/ipc_channel_win.cc, line 341
[Child 8152, Chrome_ChildThread] 1584520548073	Marionette	INFO	Stopped listening on port 52140
20373282	addons.webextension.screenshots@mozilla.org	WARN	Loading extension 'screenshots@mozilla.org': Reading manifest: Invalid extension permission: resource://pdf.js/
1584520373282	addons.webextension.screenshots@mozilla.org	WARN	Loading extension 'screenshots@mozilla.org': Reading manifest: Invalid extension permission: about:reader*
JavaScript error: undefined, line 14: Error: An unexpected error occurred
JavaScript error: moz-extension://c4f2e8bb-1e9d-4211-a21d-6b62673edb8f/lib/picture_in_picture_overrides.js, line 15: Error: Incorrect argument types for pictureInPictureParent.setOverrides.
JavaScript error: resource:///modules/sessionstore/SessionStore.jsm, line 1325: uncaught exception: 2147746065
1584520378287	Marionette	INFO	Listening on port 52185
1584520378372	Marionette	WARN	TLS certificate errors will be ignored for this session
JavaScript warning: http://xiaomi:8080/WoniuBoss2.5/js/moment-with-locales.min.js, line 1: unreachable code after return statement
JavaScript warning: http://xiaomi:8080/WoniuBoss2.5/resource, line 2728: unreachable code after return statement
[Parent 9044, Gecko_IOThread] WARNING: pipe error: 109: file z:/task_1583418282/build/src/ipc/chromium/src/chrome/common/ipc_channel_win.cc, line 341
[Child 4892, Chrome_ChildThread] WARNING: pipe error: 109: file z:/task_1583418282/build/src/ipc/chromium/src/chrome/common/ipc_channel_win.cc, line 341
[Child 4892, Chrome_ChildThread] WARNING: pipe error: 109: file z:/task_1583418282/build/src/ipc/chromium/src/chrome/common/ipc_channel_win.cc, line 341
[Parent 9044, Gecko_IOThread] WARNING: pipe error: 109: file z:/task_1583418282/build/src/ipc/chromium/src/chrome/common/ipc_channel_win.cc, line 341
[Child 1736, Chrome_ChildThread] WARNING: pipe error: 109: file z:/task_1583418282/build/src/ipc/chromium/src/chrome/common/ipc_channel_win.cc, line 341
[Child 1736, Chrome_ChildThread] WARNING: pipe error: 109: file z:/task_1583418282/build/src/ipc/chromium/src/chrome/common/ipc_channel_win.cc, line 341
1584520547099	Marionette	INFO	Stopped listening on port 52185
1584520554596	mozrunner::runner	INFO	Running command: "D:\\Web\\Firefox\\firefox.exe" "-marionette" "-foreground" "-no-remote" "-profile" "C:\\Users\\ADMINI~1\\AppData\\Local\\Temp\\rust_mozprofile.uc0aRu37YNFE"
1584520555631	addons.webextension.screenshots@mozilla.org	WARN	Loading extension 'screenshots@mozilla.org': Reading manifest: Invalid extension permission: mozillaAddons
1584520555631	addons.webextension.screenshots@mozilla.org	WARN	Loading extension 'screenshots@mozilla.org': Reading manifest: Invalid extension permission: telemetry
1584520555631	addons.webextension.screenshots@mozilla.org	WARN	Loading extension 'screenshots@mozilla.org': Reading manifest: Invalid extension permission: resource://pdf.js/
1584520555631	addons.webextension.screenshots@mozilla.org	WARN	Loading extension 'screenshots@mozilla.org': Reading manifest: Invalid extension permission: about:reader*
JavaScript error: undefined, line 14: Error: An unexpected error occurred
JavaScript error: moz-extension://db831597-dc97-4cb3-9646-c5b8f15b07e3/lib/picture_in_picture_overrides.js, line 15: Error: Incorrect argument types for pictureInPictureParent.setOverrides.
JavaScript error: resource:///modules/sessionstore/SessionStore.jsm, line 1325: uncaught exception: 2147746065
1584520557800	Marionette	INFO	Listening on port 52280
1584520557848	Marionette	WARN	TLS certificate errors will be ignored for this session
JavaScript warning: http://xiaomi:8080/WoniuBoss2.5/js/moment-with-locales.min.js, line 1: unreachable code after return statement
JavaScript warning: http://xiaomi:8080/WoniuBoss2.5/resource, line 2728: unreachable code after return statement
[Parent 7344, Gecko_IOThread] WARNING: pipe error: 109: file z:/task_1583418282/build/src/ipc/chromium/src/chrome/common/ipc_channel_win.cc, line 341
[Child 7584, Chrome_ChildThread] WARNING: pipe error: 109: file z:/task_1583418282/build/src/ipc/chromium/src/chrome/common/ipc_channel_win.cc, line 341
[Child 6272, Chrome_ChildThread] WARNING: pipe error: 109: file z:/task_1583418282/build/src/ipc/chromium/src/chrome/common/ipc_channel_win.cc, line 341
[Child 6272, Chrome_ChildThread] WARNING: pipe error: 109: file z:/task_1583418282/build/src/ipc/chromium/src/chrome/common/ipc_channel_win.cc, line 341
[Parent 7344, Gecko_IOThread] WARNING: pipe error: 109: file z:/task_1583418282/build/src/ipc/chromium/src/chrome/common/ipc_channel_win.cc, line 341
1584520754884	Marionette	INFO	Stopped listening on port 52280
.org': Reading manifest: Invalid extension permission: about:reader*
JavaScript error: undefined, line 14: Error: An unexpected error occurred
JavaScript error: moz-extension://0cbb9d18-ea14-4552-8595-6e312471f7dd/lib/picture_in_picture_overrides.js, line 15: Error: Incorrect argument types for pictureInPictureParent.setOverrides.
JavaScript error: resource:///modules/sessionstore/SessionStore.jsm, line 1325: uncaught exception: 2147746065
1584520620604	Marionette	INFO	Listening on port 52328
1584520620845	Marionette	WARN	TLS certificate errors will be ignored for this session
JavaScript warning: http://xiaomi:8080/WoniuBoss2.5/js/moment-with-locales.min.js, line 1: unreachable code after return statement
JavaScript warning: http://xiaomi:8080/WoniuBoss2.5/resource, line 2728: unreachable code after return statement
[Child 9940, Chrome_ChildThread] WARNING: pipe error: 109: file z:/task_1583418282/build/src/ipc/chromium/src/chrome/common/ipc_channel_win.cc, line 341
[[Child 8C104, Chrome_ChildThread]h WARNING: pipe error: 109: file z:/itlask_158341828d2/build/src/ipc/chromium/src/chrome/common/ipc_channel_win.cc, line 341
[Ch ild 8104,9940, Chrome_C Chrome_ChildThrhildThread] WARNING: pipe error: 109: fi[Child 7864, Chrome_ChildThread] WARNING: pipe error: 109: file z:/task_1583418282/build/src/ipc/chromium/src/chrome/common/ipc_channel_win.cc, line 341
[Child 7864, Chrome_ChildThread] WARNING: pipe error: 109: 1584520753735	Marionette	INFO	Stopped listening on port 52328
t: Invalid extension permission: resource://pdf.js/
1584520655635	addons.webextension.screenshots@mozilla.org	WARN	Loading extension 'screenshots@mozilla.org': Reading manifest: Invalid extension permission: about:reader*
JavaScript error: undefined, line 14: Error: An unexpected error occurred
JavaScript error: moz-extension://e85d5a7b-3e60-4b17-8f37-68d2ee6efa92/lib/picture_in_picture_overrides.js, line 15: Error: Incorrect argument types for pictureInPictureParent.setOverrides.
JavaScript error: resource:///modules/sessionstore/SessionStore.jsm, line 1325: uncaught exception: 2147746065
1584520658435	Marionette	INFO	Listening on port 52368
1584520658765	Marionette	WARN	TLS certificate errors will be ignored for this session
JavaScript warning: http://xiaomi:8080/WoniuBoss2.5/js/moment-with-locales.min.js, line 1: unreachable code after return statement
JavaScript warning: http://xiaomi:8080/WoniuBoss2.5/resource, line 2728: unreachable code after return statement
JavaScript error: resource://devtools/client/framework/toolbox.js, line 1715: TypeError: currentPanel is undefined
JavaScript warning: http://xiaomi:8080/WoniuBoss2.5/js/moment-with-locales.min.js, line 1: unreachable code after return statement
JavaScript warning: http://xiaomi:8080/WoniuBoss2.5/resource, line 2728: unreachable code after return statement
JavaScript warning: http://xiaomi:8080/WoniuBoss2.5/js/moment-with-locales.min.js, line 1: unreachable code after return statement
JavaScript warning: http://xiaomi:8080/WoniuBoss2.5/resource, line 2728: unreachable code after return statement
[Parent 8696, Gecko_IOThread] WARNING: pipe error: 109: file z:/task_1583418282/build/src/ipc/chromium/src/chrome/common/ipc_channel_win.cc, line 341
JavaScript warning: http://xiaomi:8080/WoniuBoss2.5/js/moment-with-locales.min.js, line 1: unreachable code after return statement
JavaScript warning: http://xiaomi:8080/WoniuBoss2.5/resource, line 2728: unreachable code after return statement
JavaScript warning: http://xiaomi:8080/WoniuBoss2.5/resource, line 2728: unreachable code after return statement
JavaScript warning: http://xiaomi:8080/WoniuBoss2.5/resource, line 2728: unreachable code after return statement
JavaScript warning: http://xiaomi:8080/WoniuBoss2.5/resource, line 2728: unreachable code after return statement
Error: Can not send request because front 'domnode' is already destroyed.: generateRequestMethods/</frontProto[name]@resource://devtools/shared/protocol.js:1547:15
updateSelectionCssSelector@resource://devtools/client/inspector/inspector.js:1402:32
onNewSelection@resource://devtools/client/inspector/inspector.js:1473:10
emit@resource://devtools/shared/event-emitter.js:190:24
emit@resource://devtools/shared/event-emitter.js:271:18
setNodeFront@resource://devtools/client/framework/selection.js:156:10
onDetached@resource://devtools/client/inspector/inspector.js:1550:20
emit@resource://devtools/shared/event-emitter.js:190:24
emit@resource://devtools/shared/event-emitter.js:271:18
_onMutations@resource://devtools/client/framework/selection.js:105:12
emit@resource://devtools/shared/event-emitter.js:190:24
emit@resource://devtools/shared/event-emitter.js:271:18
getMutations/<@resource://devtools/shared/fronts/inspector.js:428:12

TypeError: parent is null: canMutationImpactCurrentStyles@resource://devtools/client/inspector/shared/style-change-tracker.js:65:24
onMutations@resource://devtools/client/inspector/shared/style-change-tracker.js:82:11
emit@resource://devtools/shared/event-emitter.js:190:24
emit@resource://devtools/shared/event-emitter.js:271:18
getMutations/<@resource://devtools/shared/fronts/inspector.js:428:12

Error: Can not send request because front 'domnode' is already destroyed.: generateRequestMethods/</frontProto[name]@resource://devtools/shared/protocol.js:1547:15
updateSelectionCssSelector@resource://devtools/client/inspector/inspector.js:1402:32
onNewSelection@resource://devtools/client/inspector/inspector.js:1473:10
emit@resource://devtools/shared/event-emitter.js:190:24
emit@resource://devtools/shared/event-emitter.js:271:18
setNodeFront@resource://devtools/client/framework/selection.js:156:10
onDetached@resource://devtools/client/inspector/inspector.js:1550:20
emit@resource://devtools/shared/event-emitter.js:190:24
emit@resource://devtools/shared/event-emitter.js:271:18
_onMutations@resource://devtools/client/framework/selection.js:105:12
emit@resource://devtools/shared/event-emitter.js:190:24
emit@resource://devtools/shared/event-emitter.js:271:18
getMutations/<@resource://devtools/shared/fronts/inspector.js:428:12

TypeError: parent is null: canMutationImpactCurrentStyles@resource://devtools/client/inspector/shared/style-change-tracker.js:65:24
onMutations@resource://devtools/client/inspector/shared/style-change-tracker.js:82:11
emit@resource://devtools/shared/event-emitter.js:190:24
emit@resource://devtools/shared/event-emitter.js:271:18
getMutations/<@resource://devtools/shared/fronts/inspector.js:428:12

Error: Can not send request because front 'domnode' is already destroyed.: generateRequestMethods/</frontProto[name]@resource://devtools/shared/protocol.js:1547:15
updateSelectionCssSelector@resource://devtools/client/inspector/inspector.js:1402:32
onNewSelection@resource://devtools/client/inspector/inspector.js:1473:10
emit@resource://devtools/shared/event-emitter.js:190:24
emit@resource://devtools/shared/event-emitter.js:271:[Child 10112, Chrome_ChildThread] WARNING: pipe error: 109: file z:/task_1583418282/build/src/ipc/chromium/src/chrome/common/ipc_channel_win.cc, line 341
[Child 4296, Chrome_ChildThread] WARNING: pipe error: 109: file z:/task_1583418282/build/src/ipc/chromium/src/chrome/common/ipc_channel_win.cc, line 341
[Child 4296, Chrome_ChildThread] WARNING: pipe error: 109: file z:/task_1583418282/build/src/ipc/chromium/src/chrome/common/ipc_channel_win.cc, line 341
[Parent 6152, Gecko_IOThread] WARNING: pipe error: 109: file z:/task_1583418282/build/src/ipc/chromium/src/chrome/common/ipc_channel_win.cc, line 341
[Child 4796, Chrome_ChildThread] WARNING: pipe error: 109: file z:/task_1583418282/build/src/ipc/chromium/src/chrome/common/ipc_channel_win.cc, line 341
[Child 4796, Chrome_ChildThread] WARNING: pipe error: 109: file z:/task_1583418282/build/src/ipc/chromium/src/chrome/common/ipc_channel_win.cc, line 341
1584523339982	Marionette	INFO	Stopped listening on port 52626
destroyed.: generateRequestMethods/</frontProto[name]@resource://devtools/shared/protocol.js:1547:15
updateSelectionCssSelector@resource://devtools/client/inspector/inspector.js:1402:32
onNewSelection@resource://devtools/client/inspector/inspector.js:1473:10
emit@resource://devtools/shared/event-emitter.js:190:24
emit@resource://devtools/shared/event-emitter.js:271:18
setNodeFront@resource://devtools/client/framework/selection.js:156:10
onDetached@resource://devtools/client/inspector/inspector.js:1550:20
emit@resource://devtools/shared/event-emitter.js:190:24
emit@resource://devtools/shared/event-emitter.js:271:18
_onMutations@resource://devtools/client/framewo[Parent 8188, Gecko_IOThread] WARNING: pipe error: 109: file z:/task_1583418282/build/src/ipc/chromium/src/chrome/common/ipc_channel_win.cc, line 341
[Parent 8188, Gecko_IOThread] WARNING: pipe error: 109: file z:/task_1583418282/build/src/ipc/chromium/src/chrome/common/ipc_channel_win.cc, line 341
[Child 7912, Chrome_ChildThread] WARNING: pipe error: 109: file z:/task_1583418282/build/src/ipc/chromium/src/chrome/common/ipc_channel_win.cc, line 341
[Child 7912, Chrome_ChildThread] WARNING: pipe error: 109: file z:/task_1583418281584523340897	Marionette	INFO	Stopped listening on port 52679
or.js:428:12

JavaScript warning: http://xiaomi:8080/WoniuBoss2.5/resource, line 2728: unreachable code after return statement
[Child 9624, Chrome_ChildThread] WARNING: pipe error: 109: file z:/task_1583418282/build/src/ipc/chromium/src/chrome/common/ipc_channel_win.cc, line 341
[Child 9624, Chrome_ChildThread] WARNING: pipe error: 109: file z:/task_158341JavaScript warning: http://xiaomi:8080/WoniuBoss2.5/resource, line 2728: unreachable code after return statement
[Child 8468, Chrome_ChildThread] WARNING: pipe error: 109: file z:/task_1583418282/build/src/ipc/chromium/src/chrome/common/ipc_channel_win.cc, line 341
[Child 846JavaScript warning: http://xiaomi:8080/WoniuBoss2.5/resource, line 2728: unreachable code after return statement
JavaScript warning: http://xiaomi:8080/WoniuBoss2.5/resource, line 2728: unreachable code after return statement
JavaScript warning: http://xiaomi:8080/WoniuBoss2.5/resource, line 2728: unreachable code after return statement
[Parent 8696, Gecko_IOThread] WARNING: pipe error: 109: file z:/task_1583418282/build/src/ipc/chromium/src/chrome/common/ipc_channel_win.cc, line 341
[Parent 8696, Gecko_IOThread] WARNING: pipe error: 109: file z:/task_1583418282/build/src/ipc/chromium/src/chrome/common/ipc_channel_win.cc, line 341
[Child 6008, Chrome_ChildThread] WARNING: pipe error: 109: file z:/task_1583418282/build/src/ipc/chromium/src/chrome/common/ipc_channel_win.cc, line 341
[Child 5708, Chrome_ChildThread] WARNING: pipe error: 109: file z:/task_1583418282/build/src/ipc/chromium/src/chrome/common/ipc_channel_win.cc, line 341
[Child 5708, Chrome_ChildThread] WARNING: pipe error: 109: file z:/task_1583418282/build/src/ipc/chromium/src/chrome/common/ipc_channel_win.cc, line 341
[Parent 8696, Gecko_IOThread] WARNING: pipe error: 109: file z:/task_1583418282/build/src/ipc/chromium/src/chrome/common/ipc_channel_win.cc, line 341
1584580994017	Marionette	INFO	Stopped listening on port 52368
JavaScript error: undefined, line 14: Error: An unexpected error occurred
JavaScript error: moz-extension://a04a90d1-ae18-415c-9973-e0f28978ea82/lib/picture_in_picture_overrides.js, line 15: Error: Incorrect argument types for pictureInPictureParent.setOverrides.
JavaScript error: resource:///modules/sessionstore/SessionStore.jsm, line 1325: uncaught exception: 2147746065
1584523042850	Marionette	INFO	Listening on port 52901
1584523042875	Marionette	WARN	TLS certificate errors will be ignored for this session
JavaScript warning: http://xiaomi:8080/WoniuBoss2.5/js/moment-with-locales.min.js, line 1: unreachable code after return statement
JavaScript warning: http://xiaomi:8080/WoniuBoss2.5/resource, line 2728: unreachable code after return statement
[Child 4548, Chrome_ChildThread] WARNING: pipe error: 109: file z:/task_1583418282/build/src/ipc/chromium/src/chrome/common/ipc_channel_win.cc, line 341
[Child 4548, Chrome_ChildThread] WARNING: pipe error: 109: file z:/task_1583418282/build/src/ipc/chromium/src/chrome/common/ipc_channel_win.cc, line 341
[Parent 5372, Gecko_IOThread] WARNING: pipe error: 109: file z:/task_1583418282/build/src/ipc/chromium/src/chrome/common/ipc_channel_win.cc, line 341
[Child 8460, Chrome_ChildThread] WARNING: pipe error: 109: file z:/task_1583418282/build/src/ipc/chromium/src/chrome/common/ipc_channel_win.cc, line 341
[Child 8460, Chrome_ChildThre[Child 5076, Chrome_ChildThread] WARNING: pipe error: 109: file z:/task_1583418282/build/src/ipc/chromium/src/chrome/common/ipc_channel_win.cc, line 341
[Child 5076, Chrome_ChildThread] WARNI1584523340042	Marionette	INFO	Stopped listening on port 52901
1584611375391	mozrunner::runner	INFO	Running command: "D:\\Web\\Firefox\\firefox.exe" "-marionette" "-foreground" "-no-remote" "-profile" "C:\\Users\\ADMINI~1\\AppData\\Local\\Temp\\rust_mozprofile.koSWOA6Xpgp3"
1584611376757	addons.webextension.screenshots@mozilla.org	WARN	Loading extension 'screenshots@mozilla.org': Reading manifest: Invalid extension permission: mozillaAddons
1584611376757	addons.webextension.screenshots@mozilla.org	WARN	Loading extension 'screenshots@mozilla.org': Reading manifest: Invalid extension permission: telemetry
1584611376757	addons.webextension.screenshots@mozilla.org	WARN	Loading extension 'screenshots@mozilla.org': Reading manifest: Invalid extension permission: resource://pdf.js/
1584611376757	addons.webextension.screenshots@mozilla.org	WARN	Loading extension 'screenshots@mozilla.org': Reading manifest: Invalid extension permission: about:reader*
JavaScript error: undefined, line 14: Error: An unexpected error occurred
JavaScript error: moz-extension://75408852-20c7-4729-b85c-edab74748721/lib/picture_in_picture_overrides.js, line 15: Error: Incorrect argument types for pictureInPictureParent.setOverrides.
JavaScript error: resource:///modules/sessionstore/SessionStore.jsm, line 1325: uncaught exception: 2147746065
1584611382586	Marionette	INFO	Listening on port 60290
1584611383044	Marionette	WARN	TLS certificate errors will be ignored for this session
[Child 10708, Chrome_ChildThread] WARNING: pipe error: 109: file z:/task_1583418282/build/src/ipc/chromium/src/chrome/common/ipc_channel_win.cc, line 341
[Child 12896, Chrome_[CChild 1h070i8l, ChrdThread] WARNING: pipe error: 109: file z:/task_1583418282/build/src/ipc/chromium/src/chrome/common/ipc_channel_win.cc, line 341
[Child 12896, Chrome_ChildThread] WARNING: pipe error: 109: file z:/task_1583418282/build/src/ipc/chromium/src/chrome/common/ipc_channel_win.cc, line 341
[Child 12036, Chrome_ChildThread] WARNING: pipe error: 109: file z:/task_1583418282/build/src/ipc/chromium/src/chrome/common/ipc_channel_win.cc, line 341
[Child 12036, Chrome_ChildThread] WARNING: pipe error: 1091584611393340	Marionette	INFO	Stopped listening on port 60290
1584611422972	mozrunner::runner	INFO	Running command: "D:\\Web\\Firefox\\firefox.exe" "-marionette" "-foreground" "-no-remote" "-profile" "C:\\Users\\ADMINI~1\\AppData\\Local\\Temp\\rust_mozprofile.RTMuSsFhGujw"
1584611424227	addons.webextension.screenshots@mozilla.org	WARN	Loading extension 'screenshots@mozilla.org': Reading manifest: Invalid extension permission: mozillaAddons
1584611424228	addons.webextension.screenshots@mozilla.org	WARN	Loading extension 'screenshots@mozilla.org': Reading manifest: Invalid extension permission: telemetry
1584611424229	addons.webextension.screenshots@mozilla.org	WARN	Loading extension 'screenshots@mozilla.org': Reading manifest: Invalid extension permission: resource://pdf.js/
1584611424229	addons.webextension.screenshots@mozilla.org	WARN	Loading extension 'screenshots@mozilla.org': Reading manifest: Invalid extension permission: about:reader*
JavaScript error: undefined, line 14: Error: An unexpected error occurred
JavaScript error: moz-extension://8ecc8fae-d294-4763-96fa-0b3596aea3af/lib/picture_in_picture_overrides.js, line 15: Error: Incorrect argument types for pictureInPictureParent.setOverrides.
JavaScript error: resource:///modules/sessionstore/SessionStore.jsm, line 1325: uncaught exception: 2147746065
1584611428570	Marionette	INFO	Listening on port 60327
1584611429007	Marionette	WARN	TLS certificate errors will be ignored for this session
JavaScript warning: http://192.168.1.8:8080/WoniuBoss2.5/js/moment-with-locales.min.js, line 1: unreachable code after return statement
JavaScript warning: http://192.168.1.8:8080/WoniuBoss2.5/resource, line 2728: unreachable code after return statement
[Child 9128, Chrome_ChildThread] WARNING: pipe error: 109: file z:/task_1583418282/build/src/ipc/chromium/src/chrome/common/ipc_channel_win.cc, line 341
[Child 9128, Chrome_ChildThread] WARNING: pipe error: 109: file z:/task_1583418282/build/src/ipc/chromium/src/chrome/common/ipc_channel_win.cc, line 341
[Parent 12328, Gecko_IOThread] WARNING: file z:/task_1583418282/build/src/ipc/chromium/src/base/process_util_win.cc, line 160
[Parent 12328, Gecko_IOThread] WARNING: file z:/task_1583418282/build/src/ipc/chromium/src/base/process_util_win.cc, line 160
[Parent 12328, Gecko_IOThread] WARNING: pipe error: 109: file z:/task_1583418282/build/src/ipc/chromium/src/chrome/common/ipc_channel_win.cc, line 341
[Child 4804, Chrome_ChildThread] WARNING: pipe error: 109: file z:/task_1583418282/build/src/ipc/chromium/src/chrome/common/ipc_channel_win.cc, line 341
[Child 4804, Chrome_ChildThread] WARNING: pipe err1584611594370	Marionette	INFO	Stopped listening on port 60327
t error: moz-extension://7e9bb191-c329-4290-a87a-0b8383c913b4/lib/picture_in_picture_overrides.js, line 15: Error: Incorrect argument types for pictureInPictureParent.setOverrides.
JavaScript error: resource:///modules/sessionstore/SessionStore.jsm, line 1325: uncaught exception: 2147746065
1584611573239	Marionette	INFO	Listening on port 60373
1584611573349	Marionette	WARN	TLS certificate errors will be ignored for this session
JavaScript warning: http://192.168.1.8:8080/WoniuBoss2.5/js/moment-with-locales.min.js, line 1: unreachable code after return statement
JavaScript warning: http://192.168.1.8:8080/WoniuBoss2.5/resource, line 2728: unreachable code after return statement
[Parent 11396, Gecko_IOThread] WARNING: pipe error: 109: file z:/task_1583418282/build/src/ipc/chromium/src/chrome/common/ipc_channel_win.cc, line 341
[Child 10284, Chrome_ChildThread] WARNING: pipe error: 109: file z:/task_1583418282/build/src/ipc/chromium/src/chrome/common/ipc_channel_win.cc, line 341
[Child 10284, Chrome_ChildThread] WARNING: pipe error: 1[Child 10528, Chrome_ChildThread] WARNING: pipe error: 109: file z:/task_1583418282/build/src/ipc/chromium/src/chrome/common/ipc_channel_win.cc, line 341
1584664791643	Marionette	INFO	Stopped listening on port 60373
on.screenshots@mozilla.org	WARN	Loading extension 'screenshots@mozilla.org': Reading manifest: Invalid extension permission: resource://pdf.js/
1584611708755	addons.webextension.screenshots@mozilla.org	WARN	Loading extension 'screenshots@mozilla.org': Reading manifest: Invalid extension permission: about:reader*
JavaScript error: undefined, line 14: Error: An unexpected error occurred
JavaScript error: moz-extension://67564cc7-d811-41ae-ba1c-5eaa0d45507c/lib/picture_in_picture_overrides.js, line 15: Error: Incorrect argument types for pictureInPictureParent.setOverrides.
JavaScript error: resource:///modules/sessionstore/SessionStore.jsm, line 1325: uncaught exception: 2147746065
1584611711979	Marionette	INFO	Listening on port 60623
1584611712427	Marionette	WARN	TLS certificate errors will be ignored for this session
JavaScript warning: http://192.168.1.8:8080/WoniuBoss2.5/js/moment-with-locales.min.js, line 1: unreachable code after return statement
JavaScript warning: http://192.168.1.8:8080/WoniuBoss2.5/resource, line 2728: unreachable code after return statement
[Child 9312, Chrome_ChildThread] WARNING: pipe error: 109: file z:/task_1583418282/build/src/ipc/chromium/src/chrome/common/ipc_channel_win.cc, line 341
[Parent 7604, Gecko_IOThread] WARNING: pipe error: 109: file z:/task_1583418282/build/src/ipc/chromium/src/chrome/common/ipc_channel_win.cc, line 341
[Child 5848, Chrome_ChildThread] WARNING: pipe error: 109: file z:/task_1583418282/build/src/ipc/chromium/src/chrome/common/ipc_channel_win.cc, line 341
[Child 10724, Chrome_ChildThread] WARNING: pipe error: 109: file z:/task_1583418282/build/src/ipc/chromium/src/chrome/common/ipc_channel_win.cc, line 341
[Child 10724, Chrome_ChildThread] WARNING: pipe error: 109: file z:/task_1583418282/build/src/ipc/chromium/src/chrome/common/ipc_channel_win.cc, line 341
1584664790693	Marionette	INFO	Stopped listening on port 60623
: Reading manifest: Invalid extension permission: about:reader*
JavaScript error: resource:///modules/sessionstore/SessionStore.jsm, line 1325: uncaught exception: 2147746065
JavaScript error: undefined, line 14: Error: An unexpected error occurred
JavaScript error: moz-extension://9dda6258-fed5-4e3a-8975-54ea44e4c905/lib/picture_in_picture_overrides.js, line 15: Error: Incorrect argument types for pictureInPictureParent.setOverrides.
1584611764818	Marionette	INFO	Listening on port 60667
1584611765367	Marionette	WARN	TLS certificate errors will be ignored for this session
JavaScript warning: http://192.168.1.8:8080/WoniuBoss2.5/js/moment-with-locales.min.js, line 1: unreachable code after return statement
JavaScript warning: http://192.168.1.8:8080/WoniuBoss2.5/resource, line 2728: unreachable code after return statement
[Parent 180, Gecko_IOThread] WARNING: pipe error: 109: file z:/task_1583418282/build/src/ipc/chromium/src/chrome/common/ipc_channel_win.cc, line 341
[Parent 180, Gecko_IOThread] WARNING: pipe error: 109: file z:/task_1583418282/build/src/ipc/chromium/src/chrome/common/ipc_channel_win.cc, line 341
[Parent 180, Gecko_IOThread] WARNING: pipe error: 109: file z:/task_1583418282/build/src/ipc/chromium/src/chrome/common/ipc_channel_win.cc, line 341
[Child 11404, Chrome_ChildThread] WARNING: pipe error: 109: file z:/task_1583418282/build/src/ipc/chromium/src/chrome/common/ipc_channel_win.cc, line 341
[Child 8040, Chrome_ChildThread] WARNING: pipe error: 109: file z:/task_1583418282/build/src/ipc/chromium/src/chrome/common/ipc_channel_win.cc, line 341
[Child 10160, Chrome_ChildThread] WARNING: pipe error: 109: file z:/task_1583418282/build/src/ipc/chromium/src/chrome/common/ipc_channel_win.cc, line 341
[Parent 180, Gecko_IOThread] WARNING: pipe error: 232: file z:/task_1583418282/build/src/ipc/chromium/src/chrome/common/ipc_channel_win.cc, line 502
[Parent 180, Gecko_IOThread] WARNING: pipe error: 109: file z:/task_1583418282/build/src/ipc/chromium/src/chrome/common/ipc_channel_win.cc, line 341
[Child 13660, Chrome_ChildThread] WARNING: pipe error: 109: file z:/task_1583418282/build/src/ipc/chromium/src/chrome/common/ipc_channel_win.cc, line 341
[Child 13660, Chrome_Ch1584664788672	Marionette	INFO	Stopped listening on port 60667
